<?xml version="1.0" encoding="UTF-8"?>
<!-- Generated by org.testng.reporters.JUnitReportReporter -->
<testsuite ignored="0" hostname="L-156082437" failures="0" tests="1" name="com.httpmethods.tradeix.Create_new_employee_and_verify" time="8.704" errors="0" timestamp="28 Mar 2019 16:53:37 GMT" skipped="0">
  <testcase classname="com.httpmethods.tradeix.Create_new_employee_and_verify" name="Create_employee_verify" time="8.704"/>
</testsuite> <!-- com.httpmethods.tradeix.Create_new_employee_and_verify -->
