<?xml version="1.0" encoding="UTF-8"?>
<!-- Generated by org.testng.reporters.JUnitReportReporter -->
<testsuite ignored="0" hostname="L-156082437" failures="0" tests="1" name="com.httpmethods.tradeix.Verify_employee_creation" time="1.147" errors="0" timestamp="28 Mar 2019 17:35:22 GMT" skipped="0">
  <testcase classname="com.httpmethods.tradeix.Verify_employee_creation" name="Create_employee_verify" time="1.147"/>
</testsuite> <!-- com.httpmethods.tradeix.Verify_employee_creation -->
